app/build/intermediates/manifest_merge_blame_file/debug/manifest-merger-blame-debug-report.txt
1<?xml version="1.0" encoding="utf-8"?>
2<manifest xmlns:android="http://schemas.android.com/apk/res/android"
3    package="com.example.homework3flags"
4    android:versionCode="1"
5    android:versionName="1.0" >
6
7    <uses-sdk
8        android:minSdkVersion="21"
8-->src\main\AndroidManifest.xml
9        android:targetSdkVersion="33" />
9-->src\main\AndroidManifest.xml
10
11    <uses-permission android:name="android.permission.INTERNET" />
11-->src\main\AndroidManifest.xml:5:5-67
11-->src\main\AndroidManifest.xml:5:22-64
12    <uses-permission android:name="android.permission.ACCESS_NETWORK_STATE" />
12-->src\main\AndroidManifest.xml:6:5-79
12-->src\main\AndroidManifest.xml:6:22-76
13
14    <application
14-->src\main\AndroidManifest.xml:8:5-50:19
15        android:allowBackup="true"
15-->src\main\AndroidManifest.xml:9:9-35
16        android:appComponentFactory="android.support.v4.app.CoreComponentFactory"
16-->[com.android.support:support-compat:28.0.0] AndroidManifest.xml:22:18-91
17        android:dataExtractionRules="@xml/data_extraction_rules"
17-->src\main\AndroidManifest.xml:10:9-65
18        android:debuggable="true"
19        android:fullBackupContent="@xml/backup_rules"
19-->src\main\AndroidManifest.xml:11:9-54
20        android:icon="@mipmap/ic_launcher"
20-->src\main\AndroidManifest.xml:12:9-43
21        android:label="@string/main_name"
21-->src\main\AndroidManifest.xml:13:9-42
22        android:roundIcon="@mipmap/ic_launcher_round"
22-->src\main\AndroidManifest.xml:14:9-54
23        android:supportsRtl="true"
23-->src\main\AndroidManifest.xml:15:9-35
24        android:theme="@style/Theme.Homework3Flags" >
24-->src\main\AndroidManifest.xml:16:9-52
25        <activity
25-->src\main\AndroidManifest.xml:18:9-30:20
26            android:name="com.example.homework3flags.MainActivity"
26-->src\main\AndroidManifest.xml:19:13-41
27            android:exported="true" >
27-->src\main\AndroidManifest.xml:20:13-36
28            <intent-filter>
28-->src\main\AndroidManifest.xml:21:13-25:29
29                <action android:name="android.intent.action.MAIN" />
29-->src\main\AndroidManifest.xml:22:17-69
29-->src\main\AndroidManifest.xml:22:25-66
30
31                <category android:name="android.intent.category.LAUNCHER" />
31-->src\main\AndroidManifest.xml:24:17-77
31-->src\main\AndroidManifest.xml:24:27-74
32            </intent-filter>
33
34            <meta-data
34-->src\main\AndroidManifest.xml:27:13-29:36
35                android:name="android.app.lib_name"
35-->src\main\AndroidManifest.xml:28:17-52
36                android:value="" />
36-->src\main\AndroidManifest.xml:29:17-33
37        </activity>
38        <activity
38-->src\main\AndroidManifest.xml:31:9-39:20
39            android:name="com.example.homework3flags.SecondActivity"
39-->src\main\AndroidManifest.xml:32:13-43
40            android:exported="false"
40-->src\main\AndroidManifest.xml:33:13-37
41            android:label="@string/second_name"
41-->src\main\AndroidManifest.xml:34:13-48
42            android:parentActivityName="com.example.homework3flags.MainActivity" >
42-->src\main\AndroidManifest.xml:35:13-55
43            <meta-data
43-->src\main\AndroidManifest.xml:36:13-38:75
44                android:name="android.support.PARENT_ACTIVITY"
44-->src\main\AndroidManifest.xml:37:17-63
45                android:value="com.example.homework3flags.MainActivity" />
45-->src\main\AndroidManifest.xml:38:17-72
46        </activity>
47        <activity
47-->src\main\AndroidManifest.xml:41:9-49:20
48            android:name="com.example.homework3flags.ThirdActivity"
48-->src\main\AndroidManifest.xml:42:13-42
49            android:exported="false"
49-->src\main\AndroidManifest.xml:43:13-37
50            android:label="@string/third_name"
50-->src\main\AndroidManifest.xml:44:13-47
51            android:parentActivityName="com.example.homework3flags.SecondActivity" >
51-->src\main\AndroidManifest.xml:45:13-57
52            <meta-data
52-->src\main\AndroidManifest.xml:36:13-38:75
53                android:name="android.support.PARENT_ACTIVITY"
53-->src\main\AndroidManifest.xml:37:17-63
54                android:value="com.example.homework3flags.SecondActivity" />
54-->src\main\AndroidManifest.xml:38:17-72
55        </activity>
56    </application>
57
58</manifest>